{"logTime": "0406/142025", "correlationVector":"maX8gKN0XqsB/+lt4ssTR3.0","action":"FeedSettingFetch_homeCloud", "result":"0", "context":{}}
{"logTime": "0406/142031", "correlationVector":"pVMCnMLpku8TqkhFIme3HS.1","action":"SyncServerConnectionManagerRequest", "result":"SYNC_SERVER_OK", "context":{"environment":"48F630A6-CB1B-4CC7-86AF-0F6627234B58|106", "server":"SG2PEPF00000C9A"}}
{"logTime": "0406/142037", "correlationVector":"AuIOzmsOy3DbotVTGvs273.1","action":"SyncServerConnectionManagerRequest", "result":"SYNC_SERVER_OK", "context":{"environment":"48F630A6-CB1B-4CC7-86AF-0F6627234B58|106", "server":"SG2PEPF00000C9A"}}
{"logTime": "0406/142037", "correlationVector":"pVMCnMLpku8TqkhFIme3HS","action":"Initial GetUpdates", "result":""}
{"logTime": "0406/142037", "correlationVector":"pVMCnMLpku8TqkhFIme3HS.2","action":"GetUpdates Response", "result":"SERVER_MORE_TO_DOWNLOAD"}
{"logTime": "0406/142037", "correlationVector":"AuIOzmsOy3DbotVTGvs273","action":"Initial GetUpdates", "result":""}
{"logTime": "0406/142037", "correlationVector":"AuIOzmsOy3DbotVTGvs273.2","action":"GetUpdates Response", "result":"SYNCER_OK"}
{"logTime": "0406/142037", "correlationVector":"7Io4ZV0ZyiCs3Vibni9QeD","action":"SyncServerConnectionManagerRequest", "result":"SYNC_SERVER_OK", "context":{"environment":"", "server":""}}
{"logTime": "0406/142037", "correlationVector":"7GJSNg9xZyITaLyFbq6cPU","action":"Initial GetUpdates", "result":""}
{"logTime": "0406/142043", "correlationVector":"7GJSNg9xZyITaLyFbq6cPU.1","action":"SyncServerConnectionManagerRequest", "result":"SYNC_SERVER_OK", "context":{"environment":"48F630A6-CB1B-4CC7-86AF-0F6627234B58|106", "server":"SG2PEPF00000C9A"}}
{"logTime": "0406/142043", "correlationVector":"7GJSNg9xZyITaLyFbq6cPU.2","action":"GetUpdates Response", "result":"SERVER_MORE_TO_DOWNLOAD"}
{"logTime": "0406/142043", "correlationVector":"gJTTiT8CnKO2sDE0kp3Slz","action":"Initial GetUpdates", "result":""}
{"logTime": "0406/142045", "correlationVector":"gJTTiT8CnKO2sDE0kp3Slz.1","action":"SyncServerConnectionManagerRequest", "result":"SYNC_SERVER_OK", "context":{"environment":"48F630A6-CB1B-4CC7-86AF-0F6627234B58|106", "server":"SG2PEPF00000C9A"}}
{"logTime": "0406/142045", "correlationVector":"gJTTiT8CnKO2sDE0kp3Slz.2","action":"GetUpdates Response", "result":"SERVER_MORE_TO_DOWNLOAD"}
{"logTime": "0406/142045", "correlationVector":"io707Fo7FsBlrHMn9aiYZo","action":"Initial GetUpdates", "result":""}
{"logTime": "0406/142046", "correlationVector":"io707Fo7FsBlrHMn9aiYZo.1","action":"SyncServerConnectionManagerRequest", "result":"SYNC_SERVER_OK", "context":{"environment":"48F630A6-CB1B-4CC7-86AF-0F6627234B58|106", "server":"SG2PEPF00000C9A"}}
{"logTime": "0406/142046", "correlationVector":"io707Fo7FsBlrHMn9aiYZo.2","action":"GetUpdates Response", "result":"SYNCER_OK"}
{"logTime": "0406/142046", "correlationVector":"wLtcUrxSTrpoH+bZjUwCD0","action":"Initial GetUpdates", "result":""}
{"logTime": "0406/142053", "correlationVector":"wLtcUrxSTrpoH+bZjUwCD0.1","action":"SyncServerConnectionManagerRequest", "result":"SYNC_SERVER_OK", "context":{"environment":"48F630A6-CB1B-4CC7-86AF-0F6627234B58|106", "server":"SG2PEPF00000C9A"}}
{"logTime": "0406/142053", "correlationVector":"wLtcUrxSTrpoH+bZjUwCD0.2","action":"GetUpdates Response", "result":"SERVER_MORE_TO_DOWNLOAD"}
{"logTime": "0406/142053", "correlationVector":"IKwhTHVN9/QVy+Mm4FcE5E","action":"Initial GetUpdates", "result":""}
{"logTime": "0406/142059", "correlationVector":"IKwhTHVN9/QVy+Mm4FcE5E.1","action":"SyncServerConnectionManagerRequest", "result":"SYNC_SERVER_OK", "context":{"environment":"48F630A6-CB1B-4CC7-86AF-0F6627234B58|106", "server":"SG2PEPF00000C9A"}}
{"logTime": "0406/142059", "correlationVector":"IKwhTHVN9/QVy+Mm4FcE5E.2","action":"GetUpdates Response", "result":"SYNCER_OK"}
{"logTime": "0406/142059", "correlationVector":"1cz6Xzw07XOQpwB5L8Izo9","action":"Normal GetUpdate request", "result":""}
{"logTime": "0406/142059", "correlationVector":"1cz6Xzw07XOQpwB5L8Izo9.1","action":"SyncServerConnectionManagerRequest", "result":"SYNC_SERVER_OK", "context":{"environment":"48F630A6-CB1B-4CC7-86AF-0F6627234B58|106", "server":"SG2PEPF00000C9A"}}
{"logTime": "0406/142059", "correlationVector":"1cz6Xzw07XOQpwB5L8Izo9.2","action":"GetUpdates Response", "result":"SYNCER_OK"}
{"logTime": "0406/142059", "correlationVector":"f5irJ+kM1+kY3vmmbSSDs5","action":"Commit Request", "result":""}
{"logTime": "0406/142101", "correlationVector":"f5irJ+kM1+kY3vmmbSSDs5.1","action":"SyncServerConnectionManagerRequest", "result":"SYNC_SERVER_OK", "context":{"environment":"48F630A6-CB1B-4CC7-86AF-0F6627234B58|106", "server":"SG2PEPF00000C9A"}}
{"logTime": "0406/142101", "correlationVector":"f5irJ+kM1+kY3vmmbSSDs5.2","action":"Commit Response", "result":"SYNCER_OK"}
{"logTime": "0406/142101", "correlationVector":"/ghYJ1cH5JQW96vsdG7cPS","action":"Commit Request", "result":""}
{"logTime": "0406/142101", "correlationVector":"/ghYJ1cH5JQW96vsdG7cPS.1","action":"SyncServerConnectionManagerRequest", "result":"SYNC_SERVER_OK", "context":{"environment":"48F630A6-CB1B-4CC7-86AF-0F6627234B58|106", "server":"SG2PEPF00000C9A"}}
{"logTime": "0406/142101", "correlationVector":"/ghYJ1cH5JQW96vsdG7cPS.2","action":"Commit Response", "result":"SYNCER_OK"}
